<?xml version="1.0" encoding="UTF-8"?>
<robot generator="Robot 7.3.2 (Python 3.11.0 on win32)" generated="2026-03-24T11:01:04.033641" rpa="false" schemaversion="5">
<suite id="s1" name="App" source="C:\Users\GENIUS\PycharmProjects\EnterpriseRobotMonetique\tests\file\app.robot">
<test id="s1-t1" name="je suis la" line="66">
<kw name="Get Error Lines" owner="showfailed">
<msg time="2026-03-24T11:01:04.435662" level="INFO">${content} = ['ERROR Transaction 3001 failed', 'ERROR Transaction 3002 failed', 'ERROR Transaction 2003 failed']</msg>
<var>${content}</var>
<arg>${apploglinux}</arg>
<status status="PASS" start="2026-03-24T11:01:04.434661" elapsed="0.003000"/>
</kw>
<kw name="Convert To String" owner="BuiltIn">
<msg time="2026-03-24T11:01:04.437661" level="INFO">${convert} = ['ERROR Transaction 3001 failed', 'ERROR Transaction 3002 failed', 'ERROR Transaction 2003 failed']</msg>
<var>${convert}</var>
<arg>${content}</arg>
<doc>Converts the given item to a Unicode string.</doc>
<status status="PASS" start="2026-03-24T11:01:04.437661" elapsed="0.000000"/>
</kw>
<kw name="Should Contain" owner="BuiltIn">
<arg>${convert}</arg>
<arg>failed</arg>
<doc>Fails if ``container`` does not contain ``item`` one or more times.</doc>
<status status="PASS" start="2026-03-24T11:01:04.437661" elapsed="0.000000"/>
</kw>
<status status="PASS" start="2026-03-24T11:01:04.433662" elapsed="0.005005"/>
</test>
<status status="PASS" start="2026-03-24T11:01:04.036121" elapsed="0.402546"/>
</suite>
<statistics>
<total>
<stat pass="1" fail="0" skip="0">All Tests</stat>
</total>
<tag>
</tag>
<suite>
<stat name="App" id="s1" pass="1" fail="0" skip="0">App</stat>
</suite>
</statistics>
<errors>
</errors>
</robot>
